[2023-07-13 08:44:05Z INFO HostContext] No proxy settings were found based on environmental variables (http_proxy/https_proxy/HTTP_PROXY/HTTPS_PROXY)
[2023-07-13 08:44:05Z INFO HostContext] Well known directory 'Bin': '/home/phunghx2/linux-course/course1/actions-runner/bin'
[2023-07-13 08:44:05Z INFO HostContext] Well known directory 'Root': '/home/phunghx2/linux-course/course1/actions-runner'
[2023-07-13 08:44:05Z INFO HostContext] Well known config file 'Credentials': '/home/phunghx2/linux-course/course1/actions-runner/.credentials'
[2023-07-13 08:44:05Z INFO HostContext] Well known directory 'Bin': '/home/phunghx2/linux-course/course1/actions-runner/bin'
[2023-07-13 08:44:05Z INFO HostContext] Well known directory 'Root': '/home/phunghx2/linux-course/course1/actions-runner'
[2023-07-13 08:44:05Z INFO HostContext] Well known config file 'Runner': '/home/phunghx2/linux-course/course1/actions-runner/.runner'
[2023-07-13 08:44:05Z INFO Listener] Runner is built for Linux (X64) - linux-x64.
[2023-07-13 08:44:05Z INFO Listener] RuntimeInformation: Linux 5.19.0-46-generic #47~22.04.1-Ubuntu SMP PREEMPT_DYNAMIC Wed Jun 21 15:35:31 UTC 2.
[2023-07-13 08:44:05Z INFO Listener] Version: 2.305.0
[2023-07-13 08:44:05Z INFO Listener] Commit: 6cbe663c239dba8a109c6ac2801b25f1ed7c51e9
[2023-07-13 08:44:05Z INFO Listener] Culture: en-US
[2023-07-13 08:44:05Z INFO Listener] UI Culture: en-US
[2023-07-13 08:44:05Z INFO HostContext] Well known directory 'Bin': '/home/phunghx2/linux-course/course1/actions-runner/bin'
[2023-07-13 08:44:05Z INFO HostContext] Well known directory 'Root': '/home/phunghx2/linux-course/course1/actions-runner'
[2023-07-13 08:44:05Z INFO Listener] Validating directory permissions for: '/home/phunghx2/linux-course/course1/actions-runner'
[2023-07-13 08:44:05Z INFO CommandLineParser] Parse
[2023-07-13 08:44:05Z INFO CommandLineParser] Parsing 1 args
[2023-07-13 08:44:05Z INFO CommandLineParser] parsing argument
[2023-07-13 08:44:05Z INFO CommandLineParser] HasArgs: False
[2023-07-13 08:44:05Z INFO CommandLineParser] Adding Command: run
[2023-07-13 08:44:05Z INFO Listener] Arguments parsed
[2023-07-13 08:44:05Z INFO Runner] ExecuteCommand
[2023-07-13 08:44:05Z INFO ConfigurationStore] currentAssemblyLocation: /home/phunghx2/linux-course/course1/actions-runner/bin/Runner.Listener.dll
[2023-07-13 08:44:05Z INFO HostContext] Well known directory 'Bin': '/home/phunghx2/linux-course/course1/actions-runner/bin'
[2023-07-13 08:44:05Z INFO ConfigurationStore] binPath: /home/phunghx2/linux-course/course1/actions-runner/bin
[2023-07-13 08:44:05Z INFO HostContext] Well known directory 'Bin': '/home/phunghx2/linux-course/course1/actions-runner/bin'
[2023-07-13 08:44:05Z INFO HostContext] Well known directory 'Root': '/home/phunghx2/linux-course/course1/actions-runner'
[2023-07-13 08:44:05Z INFO ConfigurationStore] RootFolder: /home/phunghx2/linux-course/course1/actions-runner
[2023-07-13 08:44:05Z INFO HostContext] Well known directory 'Bin': '/home/phunghx2/linux-course/course1/actions-runner/bin'
[2023-07-13 08:44:05Z INFO HostContext] Well known directory 'Root': '/home/phunghx2/linux-course/course1/actions-runner'
[2023-07-13 08:44:05Z INFO HostContext] Well known config file 'Runner': '/home/phunghx2/linux-course/course1/actions-runner/.runner'
[2023-07-13 08:44:05Z INFO ConfigurationStore] ConfigFilePath: /home/phunghx2/linux-course/course1/actions-runner/.runner
[2023-07-13 08:44:05Z INFO HostContext] Well known directory 'Bin': '/home/phunghx2/linux-course/course1/actions-runner/bin'
[2023-07-13 08:44:05Z INFO HostContext] Well known directory 'Root': '/home/phunghx2/linux-course/course1/actions-runner'
[2023-07-13 08:44:05Z INFO HostContext] Well known config file 'Credentials': '/home/phunghx2/linux-course/course1/actions-runner/.credentials'
[2023-07-13 08:44:05Z INFO ConfigurationStore] CredFilePath: /home/phunghx2/linux-course/course1/actions-runner/.credentials
[2023-07-13 08:44:05Z INFO HostContext] Well known directory 'Bin': '/home/phunghx2/linux-course/course1/actions-runner/bin'
[2023-07-13 08:44:05Z INFO HostContext] Well known directory 'Root': '/home/phunghx2/linux-course/course1/actions-runner'
[2023-07-13 08:44:05Z INFO HostContext] Well known config file 'MigratedCredentials': '/home/phunghx2/linux-course/course1/actions-runner/.credentials_migrated'
[2023-07-13 08:44:05Z INFO ConfigurationStore] MigratedCredFilePath: /home/phunghx2/linux-course/course1/actions-runner/.credentials_migrated
[2023-07-13 08:44:05Z INFO HostContext] Well known directory 'Bin': '/home/phunghx2/linux-course/course1/actions-runner/bin'
[2023-07-13 08:44:05Z INFO HostContext] Well known directory 'Root': '/home/phunghx2/linux-course/course1/actions-runner'
[2023-07-13 08:44:05Z INFO HostContext] Well known config file 'Service': '/home/phunghx2/linux-course/course1/actions-runner/.service'
[2023-07-13 08:44:05Z INFO ConfigurationStore] ServiceConfigFilePath: /home/phunghx2/linux-course/course1/actions-runner/.service
[2023-07-13 08:44:05Z INFO CommandSettings] Flag 'help': 'False'
[2023-07-13 08:44:05Z INFO CommandSettings] Flag 'version': 'False'
[2023-07-13 08:44:05Z INFO CommandSettings] Flag 'commit': 'False'
[2023-07-13 08:44:05Z INFO CommandSettings] Flag 'check': 'False'
[2023-07-13 08:44:05Z INFO CommandSettings] Command 'configure': 'False'
[2023-07-13 08:44:05Z INFO CommandSettings] Command 'remove': 'False'
[2023-07-13 08:44:05Z INFO CommandSettings] Command 'warmup': 'False'
[2023-07-13 08:44:05Z INFO ConfigurationManager] LoadSettings
[2023-07-13 08:44:05Z INFO ConfigurationStore] IsConfigured()
[2023-07-13 08:44:05Z INFO ConfigurationStore] IsConfigured: True
[2023-07-13 08:44:05Z INFO ConfigurationManager] Is configured: True
[2023-07-13 08:44:05Z INFO ConfigurationStore] Read setting file: 298 chars
[2023-07-13 08:44:05Z INFO ConfigurationManager] Settings Loaded
[2023-07-13 08:44:05Z INFO ConfigurationStore] IsServiceConfigured()
[2023-07-13 08:44:05Z INFO ConfigurationStore] IsServiceConfigured: False
[2023-07-13 08:44:05Z INFO CommandSettings] Command 'run': 'True'
[2023-07-13 08:44:05Z INFO ConfigurationStore] IsConfigured()
[2023-07-13 08:44:05Z INFO ConfigurationStore] IsConfigured: True
[2023-07-13 08:44:05Z INFO ConfigurationManager] Is configured: True
[2023-07-13 08:44:05Z INFO Runner] Could not parse the argument value '' for StartupType. Defaulting to Manual
[2023-07-13 08:44:05Z INFO Runner] Set runner startup type - Manual
[2023-07-13 08:44:05Z INFO CommandSettings] Flag 'once': 'False'
[2023-07-13 08:44:05Z INFO CommandSettings] Flag 'once': 'False'
[2023-07-13 08:44:05Z INFO Runner] RunAsync
[2023-07-13 08:44:05Z INFO ConfigurationManager] LoadSettings
[2023-07-13 08:44:05Z INFO ConfigurationStore] IsConfigured()
[2023-07-13 08:44:05Z INFO ConfigurationStore] IsConfigured: True
[2023-07-13 08:44:05Z INFO ConfigurationManager] Is configured: True
[2023-07-13 08:44:05Z INFO ConfigurationManager] Settings Loaded
[2023-07-13 08:44:05Z INFO MessageListener] {
  "AgentId": 22,
  "AgentName": "phunghx",
  "PoolId": 1,
  "PoolName": "Default",
  "ServerUrl": "https://pipelines.actions.githubusercontent.com/y2bwibnCjLRxnBgPefa7Of4qWal47baBz3CrIxF5ce99LASgke",
  "GitHubUrl": "https://github.com/cu-ecen-aeld/assignment-2-phunghx",
  "WorkFolder": "_work"
}
[2023-07-13 08:44:05Z INFO MessageListener] Loading Credentials
[2023-07-13 08:44:05Z INFO ConfigurationStore] HasCredentials()
[2023-07-13 08:44:05Z INFO ConfigurationStore] stored True
[2023-07-13 08:44:05Z INFO CredentialManager] GetCredentialProvider
[2023-07-13 08:44:05Z INFO CredentialManager] Creating type OAuth
[2023-07-13 08:44:05Z INFO CredentialManager] Creating credential type: OAuth
[2023-07-13 08:44:05Z INFO HostContext] Well known directory 'Bin': '/home/phunghx2/linux-course/course1/actions-runner/bin'
[2023-07-13 08:44:05Z INFO HostContext] Well known directory 'Root': '/home/phunghx2/linux-course/course1/actions-runner'
[2023-07-13 08:44:05Z INFO HostContext] Well known config file 'RSACredentials': '/home/phunghx2/linux-course/course1/actions-runner/.credentials_rsaparams'
[2023-07-13 08:44:05Z INFO RSAFileKeyManager] Loading RSA key parameters from file /home/phunghx2/linux-course/course1/actions-runner/.credentials_rsaparams
[2023-07-13 08:44:05Z INFO MessageListener] Attempt to create session.
[2023-07-13 08:44:05Z INFO MessageListener] Connecting to the Runner Server...
[2023-07-13 08:44:05Z INFO RunnerServer] EstablishVssConnection
[2023-07-13 08:44:05Z INFO RunnerServer] Establish connection with 100 seconds timeout.
[2023-07-13 08:44:05Z INFO GitHubActionsService] Starting operation Location.GetConnectionData
[2023-07-13 08:44:05Z INFO RunnerServer] EstablishVssConnection
[2023-07-13 08:44:05Z INFO RunnerServer] Establish connection with 60 seconds timeout.
[2023-07-13 08:44:05Z INFO GitHubActionsService] Starting operation Location.GetConnectionData
[2023-07-13 08:44:05Z INFO RunnerServer] EstablishVssConnection
[2023-07-13 08:44:05Z INFO RunnerServer] Establish connection with 60 seconds timeout.
[2023-07-13 08:44:05Z INFO GitHubActionsService] Starting operation Location.GetConnectionData
[2023-07-13 08:44:06Z INFO GitHubActionsService] Finished operation Location.GetConnectionData
[2023-07-13 08:44:06Z INFO GitHubActionsService] Finished operation Location.GetConnectionData
[2023-07-13 08:44:06Z INFO GitHubActionsService] Finished operation Location.GetConnectionData
[2023-07-13 08:44:06Z INFO MessageListener] VssConnection created
[2023-07-13 08:44:06Z INFO Terminal] WRITE LINE: 
[2023-07-13 08:44:06Z INFO Terminal] WRITE LINE: 
[2023-07-13 08:44:07Z INFO RSAFileKeyManager] Loading RSA key parameters from file /home/phunghx2/linux-course/course1/actions-runner/.credentials_rsaparams
[2023-07-13 08:44:07Z INFO RSAFileKeyManager] Loading RSA key parameters from file /home/phunghx2/linux-course/course1/actions-runner/.credentials_rsaparams
[2023-07-13 08:44:08Z INFO GitHubActionsService] AAD Correlation ID for this token request: Unknown
[2023-07-13 08:44:08Z INFO MessageListener] Session created.
[2023-07-13 08:44:08Z INFO Terminal] WRITE LINE: Current runner version: '2.305.0'
[2023-07-13 08:44:08Z INFO Terminal] WRITE LINE: 2023-07-13 08:44:08Z: Listening for Jobs
[2023-07-13 08:44:08Z INFO JobDispatcher] Set runner/worker IPC timeout to 30 seconds.
[2023-07-13 08:44:10Z INFO MessageListener] Message '1' received from session '5d1430cb-b85d-400a-a9fb-2e8d4aec1c1d'.
[2023-07-13 08:44:10Z INFO HostContext] Well known directory 'Bin': '/home/phunghx2/linux-course/course1/actions-runner/bin'
[2023-07-13 08:44:10Z INFO HostContext] Well known directory 'Root': '/home/phunghx2/linux-course/course1/actions-runner'
[2023-07-13 08:44:10Z INFO HostContext] Well known directory 'Work': '/home/phunghx2/linux-course/course1/actions-runner/_work'
[2023-07-13 08:44:10Z INFO HostContext] Well known directory 'Bin': '/home/phunghx2/linux-course/course1/actions-runner/bin'
[2023-07-13 08:44:10Z INFO HostContext] Well known directory 'Root': '/home/phunghx2/linux-course/course1/actions-runner'
[2023-07-13 08:44:10Z INFO HostContext] Well known directory 'Work': '/home/phunghx2/linux-course/course1/actions-runner/_work'
[2023-07-13 08:44:10Z INFO SelfUpdater] Cloning dotnet runtime to /home/phunghx2/linux-course/course1/actions-runner/_work/__dotnet_runtime__
[2023-07-13 08:44:10Z INFO HostContext] Well known directory 'Bin': '/home/phunghx2/linux-course/course1/actions-runner/bin'
[2023-07-13 08:44:13Z INFO SelfUpdater] Successfully cloned dotnet runtime to /home/phunghx2/linux-course/course1/actions-runner/_work/__dotnet_runtime__. Total files: 179
[2023-07-13 08:44:13Z INFO SelfUpdater] Cloning externals to /home/phunghx2/linux-course/course1/actions-runner/_work/__externals__
[2023-07-13 08:44:13Z INFO HostContext] Well known directory 'Bin': '/home/phunghx2/linux-course/course1/actions-runner/bin'
[2023-07-13 08:44:13Z INFO HostContext] Well known directory 'Root': '/home/phunghx2/linux-course/course1/actions-runner'
[2023-07-13 08:44:13Z INFO HostContext] Well known directory 'Externals': '/home/phunghx2/linux-course/course1/actions-runner/externals'
[2023-07-13 08:44:18Z INFO SelfUpdater] Successfully cloned externals to /home/phunghx2/linux-course/course1/actions-runner/_work/__externals__.
[2023-07-13 08:44:18Z INFO SelfUpdater] Waiting for 2 tasks to complete.
[2023-07-13 08:44:18Z INFO SelfUpdater] Externals clone finished.
[2023-07-13 08:44:18Z INFO SelfUpdater] Calculating hash for /home/phunghx2/linux-course/course1/actions-runner/_work/__externals__
[2023-07-13 08:44:18Z INFO HostContext] Well known directory 'Bin': '/home/phunghx2/linux-course/course1/actions-runner/bin'
[2023-07-13 08:44:18Z INFO HostContext] Well known directory 'Bin': '/home/phunghx2/linux-course/course1/actions-runner/bin'
[2023-07-13 08:44:18Z INFO HostContext] Well known directory 'Root': '/home/phunghx2/linux-course/course1/actions-runner'
[2023-07-13 08:44:18Z INFO HostContext] Well known directory 'Externals': '/home/phunghx2/linux-course/course1/actions-runner/externals'
[2023-07-13 08:44:18Z INFO ProcessInvokerWrapper] Starting process:
[2023-07-13 08:44:18Z INFO ProcessInvokerWrapper]   File name: '/home/phunghx2/linux-course/course1/actions-runner/externals/node16/bin/node'
[2023-07-13 08:44:18Z INFO ProcessInvokerWrapper]   Arguments: '"/home/phunghx2/linux-course/course1/actions-runner/bin/hashFiles"'
[2023-07-13 08:44:18Z INFO ProcessInvokerWrapper]   Working directory: '/home/phunghx2/linux-course/course1/actions-runner/_work/__externals__'
[2023-07-13 08:44:18Z INFO ProcessInvokerWrapper]   Require exit code zero: 'False'
[2023-07-13 08:44:18Z INFO ProcessInvokerWrapper]   Encoding web name:  ; code page: ''
[2023-07-13 08:44:18Z INFO ProcessInvokerWrapper]   Force kill process on cancellation: 'True'
[2023-07-13 08:44:18Z INFO ProcessInvokerWrapper]   Redirected STDIN: 'False'
[2023-07-13 08:44:18Z INFO ProcessInvokerWrapper]   Persist current code page: 'False'
[2023-07-13 08:44:18Z INFO ProcessInvokerWrapper]   Keep redirected STDIN open: 'False'
[2023-07-13 08:44:18Z INFO ProcessInvokerWrapper]   High priority process: 'False'
[2023-07-13 08:44:18Z INFO ProcessInvokerWrapper] Updated oom_score_adj to 500 for PID: 61273.
[2023-07-13 08:44:18Z INFO ProcessInvokerWrapper] Process started with process id 61273, waiting for process exit.
[2023-07-13 08:44:18Z INFO Runner] Refresh message received, kick-off selfupdate background process.
[2023-07-13 08:44:18Z INFO SelfUpdater] Version '2.306.0' of 'agent' package available in server.
[2023-07-13 08:44:18Z INFO SelfUpdater] Current running runner version is 2.305.0
[2023-07-13 08:44:18Z INFO SelfUpdater] An update is available.
[2023-07-13 08:44:18Z INFO Terminal] WRITE LINE: Runner update in progress, do not shutdown runner.
[2023-07-13 08:44:18Z INFO SelfUpdater] CloneDotnetRuntimeTime: 3836ms
[2023-07-13 08:44:18Z INFO SelfUpdater] CloneExternalsTime: 4109ms
[2023-07-13 08:44:18Z INFO SelfUpdater] RunnerPlatform: linux-x64
[2023-07-13 08:44:18Z INFO Terminal] WRITE LINE: Downloading 2.306.0 runner
[2023-07-13 08:44:18Z INFO ProcessInvokerWrapper] Kill entire process tree since both cancel and terminate signal has been ignored by the target process.
[2023-07-13 08:44:18Z INFO ProcessInvokerWrapper] STDOUT/STDERR stream read finished.
[2023-07-13 08:44:18Z INFO ProcessInvokerWrapper] STDOUT/STDERR stream read finished.
[2023-07-13 08:44:18Z INFO ProcessInvokerWrapper] Process Cancellation finished.
[2023-07-13 08:44:18Z INFO ProcessInvokerWrapper] Finished process 61273 with exit code 137, and elapsed time 00:00:00.8076234.
[2023-07-13 08:44:18Z ERR  SelfUpdater] Fail to hash externals content: System.OperationCanceledException: The operation was canceled.
   at System.Threading.CancellationToken.ThrowOperationCanceledException()
   at GitHub.Runner.Sdk.ProcessInvoker.ExecuteAsync(String workingDirectory, String fileName, String arguments, IDictionary`2 environment, Boolean requireExitCodeZero, Encoding outputEncoding, Boolean killProcessOnCancel, Channel`1 redirectStandardIn, Boolean inheritConsoleHandler, Boolean keepStandardInOpen, Boolean highPriorityProcess, CancellationToken cancellationToken)
   at GitHub.Runner.Common.ProcessInvokerWrapper.ExecuteAsync(String workingDirectory, String fileName, String arguments, IDictionary`2 environment, Boolean requireExitCodeZero, Encoding outputEncoding, Boolean killProcessOnCancel, Channel`1 redirectStandardIn, Boolean inheritConsoleHandler, Boolean keepStandardInOpen, Boolean highPriorityProcess, CancellationToken cancellationToken)
   at GitHub.Runner.Listener.SelfUpdater.HashFiles(String fileFolder, CancellationToken token)
   at GitHub.Runner.Listener.SelfUpdater.CloneAndCalculateAssetsHash(String dotnetRuntimeCloneDirectory, String externalsCloneDirectory, CancellationToken token)
[2023-07-13 08:44:18Z INFO SelfUpdater] Still waiting for 1 tasks to complete.
[2023-07-13 08:44:18Z INFO SelfUpdater] Waiting for 1 tasks to complete.
[2023-07-13 08:44:18Z INFO SelfUpdater] Dotnet runtime clone finished.
[2023-07-13 08:44:18Z ERR  SelfUpdater] Skip compute hash since clone dotnet runtime failed/cancelled.
[2023-07-13 08:44:18Z INFO SelfUpdater] Still waiting for 0 tasks to complete.
[2023-07-13 08:44:18Z INFO HostContext] Well known directory 'Bin': '/home/phunghx2/linux-course/course1/actions-runner/bin'
[2023-07-13 08:44:18Z INFO HostContext] Well known directory 'Root': '/home/phunghx2/linux-course/course1/actions-runner'
[2023-07-13 08:44:18Z INFO HostContext] Well known directory 'Work': '/home/phunghx2/linux-course/course1/actions-runner/_work'
[2023-07-13 08:44:18Z INFO SelfUpdater] Attempt 1: save latest runner into /home/phunghx2/linux-course/course1/actions-runner/_work/_update/runner1.tar.gz.
[2023-07-13 08:44:18Z INFO SelfUpdater] Download runner: begin download
[2023-07-13 08:44:18Z INFO SelfUpdater] Downloading https://github.com/actions/runner/releases/download/v2.306.0/actions-runner-linux-x64-2.306.0.tar.gz
[2023-07-13 08:44:20Z INFO RSAFileKeyManager] Loading RSA key parameters from file /home/phunghx2/linux-course/course1/actions-runner/.credentials_rsaparams
[2023-07-13 08:44:20Z INFO MessageListener] Message '2' received from session '5d1430cb-b85d-400a-a9fb-2e8d4aec1c1d'.
[2023-07-13 08:44:20Z INFO Runner] Skip message deletion for job request message '2'.
[2023-07-13 08:44:51Z INFO SelfUpdater] Download runner: finished download
[2023-07-13 08:44:51Z INFO SelfUpdater] Validated Runner Hash matches /home/phunghx2/linux-course/course1/actions-runner/_work/_update/runner1.tar.gz : b0a090336f0d0a439dac7505475a1fb822f61bbb36420c7b3b3fe6b1bdc4dbaa
[2023-07-13 08:44:51Z INFO SelfUpdater] Which: 'tar'
[2023-07-13 08:44:51Z INFO SelfUpdater] Location: '/usr/bin/tar'
[2023-07-13 08:44:51Z INFO ProcessInvokerWrapper] Starting process:
[2023-07-13 08:44:51Z INFO ProcessInvokerWrapper]   File name: '/usr/bin/tar'
[2023-07-13 08:44:51Z INFO ProcessInvokerWrapper]   Arguments: '-xzf "/home/phunghx2/linux-course/course1/actions-runner/_work/_update/runner1.tar.gz"'
[2023-07-13 08:44:51Z INFO ProcessInvokerWrapper]   Working directory: '/home/phunghx2/linux-course/course1/actions-runner/_work/_update'
[2023-07-13 08:44:51Z INFO ProcessInvokerWrapper]   Require exit code zero: 'False'
[2023-07-13 08:44:51Z INFO ProcessInvokerWrapper]   Encoding web name:  ; code page: ''
[2023-07-13 08:44:51Z INFO ProcessInvokerWrapper]   Force kill process on cancellation: 'False'
[2023-07-13 08:44:51Z INFO ProcessInvokerWrapper]   Redirected STDIN: 'False'
[2023-07-13 08:44:51Z INFO ProcessInvokerWrapper]   Persist current code page: 'False'
[2023-07-13 08:44:51Z INFO ProcessInvokerWrapper]   Keep redirected STDIN open: 'False'
[2023-07-13 08:44:51Z INFO ProcessInvokerWrapper]   High priority process: 'False'
[2023-07-13 08:44:51Z INFO ProcessInvokerWrapper] Updated oom_score_adj to 500 for PID: 61352.
[2023-07-13 08:44:51Z INFO ProcessInvokerWrapper] Process started with process id 61352, waiting for process exit.
[2023-07-13 08:44:54Z INFO ProcessInvokerWrapper] STDOUT/STDERR stream read finished.
[2023-07-13 08:44:54Z INFO ProcessInvokerWrapper] STDOUT/STDERR stream read finished.
[2023-07-13 08:44:54Z INFO ProcessInvokerWrapper] Finished process 61352 with exit code 0, and elapsed time 00:00:02.3561676.
[2023-07-13 08:44:54Z INFO SelfUpdater] Finished getting latest runner package at: /home/phunghx2/linux-course/course1/actions-runner/_work/_update.
[2023-07-13 08:44:54Z INFO HostContext] Well known directory 'Bin': '/home/phunghx2/linux-course/course1/actions-runner/bin'
[2023-07-13 08:44:54Z INFO HostContext] Well known directory 'Root': '/home/phunghx2/linux-course/course1/actions-runner'
[2023-07-13 08:44:54Z INFO SelfUpdater] Copy /home/phunghx2/linux-course/course1/actions-runner/_work/_update/bin to /home/phunghx2/linux-course/course1/actions-runner/bin.2.306.0.
[2023-07-13 08:44:55Z INFO HostContext] Well known directory 'Bin': '/home/phunghx2/linux-course/course1/actions-runner/bin'
[2023-07-13 08:44:55Z INFO HostContext] Well known directory 'Root': '/home/phunghx2/linux-course/course1/actions-runner'
[2023-07-13 08:44:55Z INFO SelfUpdater] Copy /home/phunghx2/linux-course/course1/actions-runner/_work/_update/externals to /home/phunghx2/linux-course/course1/actions-runner/externals.2.306.0.
[2023-07-13 08:45:01Z INFO SelfUpdater] Copy any remaining .sh/.cmd files into runner root.
[2023-07-13 08:45:01Z INFO HostContext] Well known directory 'Bin': '/home/phunghx2/linux-course/course1/actions-runner/bin'
[2023-07-13 08:45:01Z INFO HostContext] Well known directory 'Root': '/home/phunghx2/linux-course/course1/actions-runner'
[2023-07-13 08:45:01Z INFO SelfUpdater] Copy /home/phunghx2/linux-course/course1/actions-runner/_work/_update/run.sh to /home/phunghx2/linux-course/course1/actions-runner/run.sh
[2023-07-13 08:45:01Z INFO HostContext] Well known directory 'Bin': '/home/phunghx2/linux-course/course1/actions-runner/bin'
[2023-07-13 08:45:01Z INFO HostContext] Well known directory 'Root': '/home/phunghx2/linux-course/course1/actions-runner'
[2023-07-13 08:45:01Z INFO SelfUpdater] Copy /home/phunghx2/linux-course/course1/actions-runner/_work/_update/run-helper.cmd.template to /home/phunghx2/linux-course/course1/actions-runner/run-helper.cmd.template
[2023-07-13 08:45:01Z INFO HostContext] Well known directory 'Bin': '/home/phunghx2/linux-course/course1/actions-runner/bin'
[2023-07-13 08:45:01Z INFO HostContext] Well known directory 'Root': '/home/phunghx2/linux-course/course1/actions-runner'
[2023-07-13 08:45:01Z INFO SelfUpdater] Copy /home/phunghx2/linux-course/course1/actions-runner/_work/_update/safe_sleep.sh to /home/phunghx2/linux-course/course1/actions-runner/safe_sleep.sh
[2023-07-13 08:45:01Z INFO HostContext] Well known directory 'Bin': '/home/phunghx2/linux-course/course1/actions-runner/bin'
[2023-07-13 08:45:01Z INFO HostContext] Well known directory 'Root': '/home/phunghx2/linux-course/course1/actions-runner'
[2023-07-13 08:45:01Z INFO SelfUpdater] Copy /home/phunghx2/linux-course/course1/actions-runner/_work/_update/config.sh to /home/phunghx2/linux-course/course1/actions-runner/config.sh
[2023-07-13 08:45:01Z INFO HostContext] Well known directory 'Bin': '/home/phunghx2/linux-course/course1/actions-runner/bin'
[2023-07-13 08:45:01Z INFO HostContext] Well known directory 'Root': '/home/phunghx2/linux-course/course1/actions-runner'
[2023-07-13 08:45:01Z INFO SelfUpdater] Copy /home/phunghx2/linux-course/course1/actions-runner/_work/_update/run-helper.sh.template to /home/phunghx2/linux-course/course1/actions-runner/run-helper.sh.template
[2023-07-13 08:45:01Z INFO HostContext] Well known directory 'Bin': '/home/phunghx2/linux-course/course1/actions-runner/bin'
[2023-07-13 08:45:01Z INFO HostContext] Well known directory 'Root': '/home/phunghx2/linux-course/course1/actions-runner'
[2023-07-13 08:45:01Z INFO SelfUpdater] Copy /home/phunghx2/linux-course/course1/actions-runner/_work/_update/env.sh to /home/phunghx2/linux-course/course1/actions-runner/env.sh
[2023-07-13 08:45:01Z INFO SelfUpdater] Download latest runner and unzip into runner root.
[2023-07-13 08:45:01Z INFO Terminal] WRITE LINE: Waiting for current job finish running.
[2023-07-13 08:45:01Z INFO SelfUpdater] DownloadUrl: https://github.com/actions/runner/releases/download/v2.306.0/actions-runner-linux-x64-2.306.0.tar.gz
[2023-07-13 08:45:01Z INFO SelfUpdater] RuntimeTrimmed: False
[2023-07-13 08:45:01Z INFO SelfUpdater] ExternalsTrimmed: False
[2023-07-13 08:45:01Z INFO SelfUpdater] PackageDownloadTime: 32708ms
[2023-07-13 08:45:01Z INFO SelfUpdater] Attempts: 1
[2023-07-13 08:45:01Z INFO SelfUpdater] PackageSize: 137MB
[2023-07-13 08:45:01Z INFO SelfUpdater] ValidateHashTime: 342ms
[2023-07-13 08:45:01Z INFO SelfUpdater] PackageExtractTime: 2359ms
[2023-07-13 08:45:01Z INFO SelfUpdater] CopyRunnerToRootTime: 7350ms
[2023-07-13 08:45:01Z INFO SelfUpdater] All running job has exited.
[2023-07-13 08:45:01Z INFO HostContext] Well known directory 'Bin': '/home/phunghx2/linux-course/course1/actions-runner/bin'
[2023-07-13 08:45:01Z INFO HostContext] Well known directory 'Root': '/home/phunghx2/linux-course/course1/actions-runner'
[2023-07-13 08:45:01Z INFO HostContext] Well known directory 'Bin': '/home/phunghx2/linux-course/course1/actions-runner/bin'
[2023-07-13 08:45:01Z INFO HostContext] Well known directory 'Root': '/home/phunghx2/linux-course/course1/actions-runner'
[2023-07-13 08:45:01Z INFO HostContext] Well known directory 'Bin': '/home/phunghx2/linux-course/course1/actions-runner/bin'
[2023-07-13 08:45:01Z INFO HostContext] Well known directory 'Root': '/home/phunghx2/linux-course/course1/actions-runner'
[2023-07-13 08:45:01Z INFO SelfUpdater] Delete old version runner backup.
[2023-07-13 08:45:01Z INFO Terminal] WRITE LINE: Generate and execute update script.
[2023-07-13 08:45:01Z INFO SelfUpdater] DeleteRunnerBackupTime: 3ms
[2023-07-13 08:45:02Z INFO HostContext] Well known directory 'Bin': '/home/phunghx2/linux-course/course1/actions-runner/bin'
[2023-07-13 08:45:02Z INFO HostContext] Well known directory 'Root': '/home/phunghx2/linux-course/course1/actions-runner'
[2023-07-13 08:45:02Z INFO HostContext] Well known directory 'Diag': '/home/phunghx2/linux-course/course1/actions-runner/_diag'
[2023-07-13 08:45:02Z INFO HostContext] Well known directory 'Bin': '/home/phunghx2/linux-course/course1/actions-runner/bin'
[2023-07-13 08:45:02Z INFO HostContext] Well known directory 'Root': '/home/phunghx2/linux-course/course1/actions-runner'
[2023-07-13 08:45:02Z INFO HostContext] Well known directory 'Bin': '/home/phunghx2/linux-course/course1/actions-runner/bin'
[2023-07-13 08:45:02Z INFO HostContext] Well known directory 'Root': '/home/phunghx2/linux-course/course1/actions-runner'
[2023-07-13 08:45:02Z INFO HostContext] Well known directory 'Work': '/home/phunghx2/linux-course/course1/actions-runner/_work'
[2023-07-13 08:45:02Z INFO SelfUpdater] Generate update script into: /home/phunghx2/linux-course/course1/actions-runner/_work/_update.sh
[2023-07-13 08:45:02Z INFO SelfUpdater] Which: 'bash'
[2023-07-13 08:45:02Z INFO SelfUpdater] Location: '/usr/bin/bash'
[2023-07-13 08:45:02Z INFO SelfUpdater] Update script start running
[2023-07-13 08:45:02Z INFO Terminal] WRITE LINE: Runner will exit shortly for update, should be back online within 10 seconds.
[2023-07-13 08:45:02Z INFO SelfUpdater] TotalUpdateTime: 52141ms
[2023-07-13 08:45:02Z INFO Terminal] WRITE LINE: Runner update process finished.
[2023-07-13 08:45:02Z INFO Runner] Auto update task finished at backend, an runner update is ready to apply exit the current runner instance.
[2023-07-13 08:45:02Z INFO Runner] Stop message queue looping.
[2023-07-13 08:45:02Z WARN GitHubActionsService] GET request to https://pipelines.actions.githubusercontent.com/y2bwibnCjLRxnBgPefa7Of4qWal47baBz3CrIxF5ce99LASgke/_apis/distributedtask/pools/1/messages?sessionId=5d1430cb-b85d-400a-a9fb-2e8d4aec1c1d&lastMessageId=2&status=Online&runnerVersion=2.305.0 has been cancelled.
[2023-07-13 08:45:02Z INFO MessageListener] Get next message has been cancelled.
[2023-07-13 08:45:02Z INFO Runner] Ignore any exception after cancel message loop. System.Threading.Tasks.TaskCanceledException: The operation was canceled.
 ---> System.IO.IOException: Unable to read data from the transport connection: Operation canceled.
 ---> System.Net.Sockets.SocketException (125): Operation canceled
   --- End of inner exception stack trace ---
   at System.Net.Sockets.Socket.AwaitableSocketAsyncEventArgs.ThrowException(SocketError error, CancellationToken cancellationToken)
   at System.Net.Sockets.Socket.AwaitableSocketAsyncEventArgs.System.Threading.Tasks.Sources.IValueTaskSource<System.Int32>.GetResult(Int16 token)
   at System.Net.Security.SslStream.EnsureFullTlsFrameAsync[TIOAdapter](TIOAdapter adapter)
   at System.Net.Security.SslStream.ReadAsyncInternal[TIOAdapter](TIOAdapter adapter, Memory`1 buffer)
   at System.Net.Http.HttpConnection.SendAsyncCore(HttpRequestMessage request, Boolean async, CancellationToken cancellationToken)
   --- End of inner exception stack trace ---
   at System.Net.Http.HttpClient.HandleFailure(Exception e, Boolean telemetryStarted, HttpResponseMessage response, CancellationTokenSource cts, CancellationToken cancellationToken, CancellationTokenSource pendingRequestsCts)
   at System.Net.Http.HttpClient.<SendAsync>g__Core|83_0(HttpRequestMessage request, HttpCompletionOption completionOption, CancellationTokenSource cts, Boolean disposeCts, CancellationTokenSource pendingRequestsCts, CancellationToken originalCancellationToken)
   at GitHub.Services.WebApi.VssHttpClientBase.SendAsync(HttpRequestMessage message, HttpCompletionOption completionOption, Object userState, CancellationToken cancellationToken)
   at GitHub.Services.WebApi.VssHttpClientBase.SendAsync[T](HttpRequestMessage message, Object userState, CancellationToken cancellationToken)
   at GitHub.Services.WebApi.VssHttpClientBase.SendAsync[T](HttpMethod method, IEnumerable`1 additionalHeaders, Guid locationId, Object routeValues, ApiResourceVersion version, HttpContent content, IEnumerable`1 queryParameters, Object userState, CancellationToken cancellationToken)
   at GitHub.Runner.Listener.MessageListener.GetNextMessageAsync(CancellationToken token)
   at GitHub.Runner.Listener.Runner.RunAsync(RunnerSettings settings, Boolean runOnce)
[2023-07-13 08:45:02Z INFO JobDispatcher] Shutting down JobDispatcher. Make sure all WorkerDispatcher has finished.
[2023-07-13 08:45:03Z INFO Listener] Runner execution has finished with return code 3
