[2023-07-10 01:29:22Z INFO HostContext] No proxy settings were found based on environmental variables (http_proxy/https_proxy/HTTP_PROXY/HTTPS_PROXY)
[2023-07-10 01:29:22Z INFO HostContext] Well known directory 'Bin': '/home/phunghx2/Week1_Ubuntu/actions-runner/bin'
[2023-07-10 01:29:22Z INFO HostContext] Well known directory 'Root': '/home/phunghx2/Week1_Ubuntu/actions-runner'
[2023-07-10 01:29:22Z INFO HostContext] Well known config file 'Credentials': '/home/phunghx2/Week1_Ubuntu/actions-runner/.credentials'
[2023-07-10 01:29:22Z INFO HostContext] Well known directory 'Bin': '/home/phunghx2/Week1_Ubuntu/actions-runner/bin'
[2023-07-10 01:29:22Z INFO HostContext] Well known directory 'Root': '/home/phunghx2/Week1_Ubuntu/actions-runner'
[2023-07-10 01:29:22Z INFO HostContext] Well known config file 'Runner': '/home/phunghx2/Week1_Ubuntu/actions-runner/.runner'
[2023-07-10 01:29:22Z INFO Listener] Runner is built for Linux (X64) - linux-x64.
[2023-07-10 01:29:22Z INFO Listener] RuntimeInformation: Linux 5.19.0-46-generic #47~22.04.1-Ubuntu SMP PREEMPT_DYNAMIC Wed Jun 21 15:35:31 UTC 2.
[2023-07-10 01:29:22Z INFO Listener] Version: 2.305.0
[2023-07-10 01:29:22Z INFO Listener] Commit: 6cbe663c239dba8a109c6ac2801b25f1ed7c51e9
[2023-07-10 01:29:22Z INFO Listener] Culture: en-US
[2023-07-10 01:29:22Z INFO Listener] UI Culture: en-US
[2023-07-10 01:29:22Z INFO HostContext] Well known directory 'Bin': '/home/phunghx2/Week1_Ubuntu/actions-runner/bin'
[2023-07-10 01:29:22Z INFO HostContext] Well known directory 'Root': '/home/phunghx2/Week1_Ubuntu/actions-runner'
[2023-07-10 01:29:22Z INFO Listener] Validating directory permissions for: '/home/phunghx2/Week1_Ubuntu/actions-runner'
[2023-07-10 01:29:22Z INFO CommandLineParser] Parse
[2023-07-10 01:29:22Z INFO CommandLineParser] Parsing 1 args
[2023-07-10 01:29:22Z INFO CommandLineParser] parsing argument
[2023-07-10 01:29:22Z INFO CommandLineParser] HasArgs: False
[2023-07-10 01:29:22Z INFO CommandLineParser] Adding Command: run
[2023-07-10 01:29:22Z INFO Listener] Arguments parsed
[2023-07-10 01:29:22Z INFO Runner] ExecuteCommand
[2023-07-10 01:29:22Z INFO ConfigurationStore] currentAssemblyLocation: /home/phunghx2/Week1_Ubuntu/actions-runner/bin/Runner.Listener.dll
[2023-07-10 01:29:22Z INFO HostContext] Well known directory 'Bin': '/home/phunghx2/Week1_Ubuntu/actions-runner/bin'
[2023-07-10 01:29:22Z INFO ConfigurationStore] binPath: /home/phunghx2/Week1_Ubuntu/actions-runner/bin
[2023-07-10 01:29:22Z INFO HostContext] Well known directory 'Bin': '/home/phunghx2/Week1_Ubuntu/actions-runner/bin'
[2023-07-10 01:29:22Z INFO HostContext] Well known directory 'Root': '/home/phunghx2/Week1_Ubuntu/actions-runner'
[2023-07-10 01:29:22Z INFO ConfigurationStore] RootFolder: /home/phunghx2/Week1_Ubuntu/actions-runner
[2023-07-10 01:29:22Z INFO HostContext] Well known directory 'Bin': '/home/phunghx2/Week1_Ubuntu/actions-runner/bin'
[2023-07-10 01:29:22Z INFO HostContext] Well known directory 'Root': '/home/phunghx2/Week1_Ubuntu/actions-runner'
[2023-07-10 01:29:22Z INFO HostContext] Well known config file 'Runner': '/home/phunghx2/Week1_Ubuntu/actions-runner/.runner'
[2023-07-10 01:29:22Z INFO ConfigurationStore] ConfigFilePath: /home/phunghx2/Week1_Ubuntu/actions-runner/.runner
[2023-07-10 01:29:22Z INFO HostContext] Well known directory 'Bin': '/home/phunghx2/Week1_Ubuntu/actions-runner/bin'
[2023-07-10 01:29:22Z INFO HostContext] Well known directory 'Root': '/home/phunghx2/Week1_Ubuntu/actions-runner'
[2023-07-10 01:29:22Z INFO HostContext] Well known config file 'Credentials': '/home/phunghx2/Week1_Ubuntu/actions-runner/.credentials'
[2023-07-10 01:29:22Z INFO ConfigurationStore] CredFilePath: /home/phunghx2/Week1_Ubuntu/actions-runner/.credentials
[2023-07-10 01:29:22Z INFO HostContext] Well known directory 'Bin': '/home/phunghx2/Week1_Ubuntu/actions-runner/bin'
[2023-07-10 01:29:22Z INFO HostContext] Well known directory 'Root': '/home/phunghx2/Week1_Ubuntu/actions-runner'
[2023-07-10 01:29:22Z INFO HostContext] Well known config file 'MigratedCredentials': '/home/phunghx2/Week1_Ubuntu/actions-runner/.credentials_migrated'
[2023-07-10 01:29:22Z INFO ConfigurationStore] MigratedCredFilePath: /home/phunghx2/Week1_Ubuntu/actions-runner/.credentials_migrated
[2023-07-10 01:29:22Z INFO HostContext] Well known directory 'Bin': '/home/phunghx2/Week1_Ubuntu/actions-runner/bin'
[2023-07-10 01:29:22Z INFO HostContext] Well known directory 'Root': '/home/phunghx2/Week1_Ubuntu/actions-runner'
[2023-07-10 01:29:22Z INFO HostContext] Well known config file 'Service': '/home/phunghx2/Week1_Ubuntu/actions-runner/.service'
[2023-07-10 01:29:22Z INFO ConfigurationStore] ServiceConfigFilePath: /home/phunghx2/Week1_Ubuntu/actions-runner/.service
[2023-07-10 01:29:22Z INFO CommandSettings] Flag 'help': 'False'
[2023-07-10 01:29:22Z INFO CommandSettings] Flag 'version': 'False'
[2023-07-10 01:29:22Z INFO CommandSettings] Flag 'commit': 'False'
[2023-07-10 01:29:22Z INFO CommandSettings] Flag 'check': 'False'
[2023-07-10 01:29:22Z INFO CommandSettings] Command 'configure': 'False'
[2023-07-10 01:29:22Z INFO CommandSettings] Command 'remove': 'False'
[2023-07-10 01:29:22Z INFO CommandSettings] Command 'warmup': 'False'
[2023-07-10 01:29:22Z INFO ConfigurationManager] LoadSettings
[2023-07-10 01:29:22Z INFO ConfigurationStore] IsConfigured()
[2023-07-10 01:29:22Z INFO ConfigurationStore] IsConfigured: True
[2023-07-10 01:29:22Z INFO ConfigurationManager] Is configured: True
[2023-07-10 01:29:22Z INFO ConfigurationStore] Read setting file: 285 chars
[2023-07-10 01:29:22Z INFO ConfigurationManager] Settings Loaded
[2023-07-10 01:29:22Z INFO ConfigurationStore] IsServiceConfigured()
[2023-07-10 01:29:22Z INFO ConfigurationStore] IsServiceConfigured: False
[2023-07-10 01:29:22Z INFO CommandSettings] Command 'run': 'True'
[2023-07-10 01:29:22Z INFO ConfigurationStore] IsConfigured()
[2023-07-10 01:29:22Z INFO ConfigurationStore] IsConfigured: True
[2023-07-10 01:29:22Z INFO ConfigurationManager] Is configured: True
[2023-07-10 01:29:22Z INFO Runner] Could not parse the argument value '' for StartupType. Defaulting to Manual
[2023-07-10 01:29:22Z INFO Runner] Set runner startup type - Manual
[2023-07-10 01:29:22Z INFO CommandSettings] Flag 'once': 'False'
[2023-07-10 01:29:22Z INFO CommandSettings] Flag 'once': 'False'
[2023-07-10 01:29:22Z INFO Runner] RunAsync
[2023-07-10 01:29:22Z INFO ConfigurationManager] LoadSettings
[2023-07-10 01:29:22Z INFO ConfigurationStore] IsConfigured()
[2023-07-10 01:29:22Z INFO ConfigurationStore] IsConfigured: True
[2023-07-10 01:29:22Z INFO ConfigurationManager] Is configured: True
[2023-07-10 01:29:22Z INFO ConfigurationManager] Settings Loaded
[2023-07-10 01:29:22Z INFO MessageListener] {
  "AgentId": 23,
  "AgentName": "phunghx",
  "PoolId": 1,
  "PoolName": "Default",
  "ServerUrl": "https://pipelines.actions.githubusercontent.com/KKJQSLy9D6hjh8pBSxRoNdoGKPa5fXyIl1k5hFmVe689ZTv9nx",
  "GitHubUrl": "https://github.com/phunghx/Week1_Ubuntu",
  "WorkFolder": "_work"
}
[2023-07-10 01:29:22Z INFO MessageListener] Loading Credentials
[2023-07-10 01:29:22Z INFO ConfigurationStore] HasCredentials()
[2023-07-10 01:29:22Z INFO ConfigurationStore] stored True
[2023-07-10 01:29:22Z INFO CredentialManager] GetCredentialProvider
[2023-07-10 01:29:22Z INFO CredentialManager] Creating type OAuth
[2023-07-10 01:29:22Z INFO CredentialManager] Creating credential type: OAuth
[2023-07-10 01:29:22Z INFO HostContext] Well known directory 'Bin': '/home/phunghx2/Week1_Ubuntu/actions-runner/bin'
[2023-07-10 01:29:22Z INFO HostContext] Well known directory 'Root': '/home/phunghx2/Week1_Ubuntu/actions-runner'
[2023-07-10 01:29:22Z INFO HostContext] Well known config file 'RSACredentials': '/home/phunghx2/Week1_Ubuntu/actions-runner/.credentials_rsaparams'
[2023-07-10 01:29:22Z INFO RSAFileKeyManager] Loading RSA key parameters from file /home/phunghx2/Week1_Ubuntu/actions-runner/.credentials_rsaparams
[2023-07-10 01:29:22Z INFO MessageListener] Attempt to create session.
[2023-07-10 01:29:22Z INFO MessageListener] Connecting to the Runner Server...
[2023-07-10 01:29:22Z INFO RunnerServer] EstablishVssConnection
[2023-07-10 01:29:22Z INFO RunnerServer] Establish connection with 100 seconds timeout.
[2023-07-10 01:29:22Z INFO GitHubActionsService] Starting operation Location.GetConnectionData
[2023-07-10 01:29:22Z INFO RunnerServer] EstablishVssConnection
[2023-07-10 01:29:22Z INFO RunnerServer] Establish connection with 60 seconds timeout.
[2023-07-10 01:29:22Z INFO GitHubActionsService] Starting operation Location.GetConnectionData
[2023-07-10 01:29:22Z INFO RunnerServer] EstablishVssConnection
[2023-07-10 01:29:22Z INFO RunnerServer] Establish connection with 60 seconds timeout.
[2023-07-10 01:29:22Z INFO GitHubActionsService] Starting operation Location.GetConnectionData
[2023-07-10 01:29:24Z INFO GitHubActionsService] Finished operation Location.GetConnectionData
[2023-07-10 01:29:24Z INFO GitHubActionsService] Finished operation Location.GetConnectionData
[2023-07-10 01:29:25Z INFO GitHubActionsService] Finished operation Location.GetConnectionData
[2023-07-10 01:29:25Z INFO MessageListener] VssConnection created
[2023-07-10 01:29:25Z INFO Terminal] WRITE LINE: 
[2023-07-10 01:29:25Z INFO Terminal] WRITE LINE: 
[2023-07-10 01:29:25Z INFO RSAFileKeyManager] Loading RSA key parameters from file /home/phunghx2/Week1_Ubuntu/actions-runner/.credentials_rsaparams
[2023-07-10 01:29:25Z INFO RSAFileKeyManager] Loading RSA key parameters from file /home/phunghx2/Week1_Ubuntu/actions-runner/.credentials_rsaparams
[2023-07-10 01:29:26Z INFO GitHubActionsService] AAD Correlation ID for this token request: Unknown
[2023-07-10 01:29:27Z INFO MessageListener] Session created.
[2023-07-10 01:29:27Z INFO Terminal] WRITE LINE: Current runner version: '2.305.0'
[2023-07-10 01:29:27Z INFO Terminal] WRITE LINE: 2023-07-10 01:29:27Z: Listening for Jobs
[2023-07-10 01:29:27Z INFO JobDispatcher] Set runner/worker IPC timeout to 30 seconds.
[2023-07-10 01:29:59Z INFO Terminal] WRITE LINE: Exiting...
[2023-07-10 01:29:59Z INFO ConfigurationStore] IsServiceConfigured()
[2023-07-10 01:29:59Z INFO ConfigurationStore] IsServiceConfigured: False
[2023-07-10 01:29:59Z INFO HostContext] Runner will be shutdown for UserCancelled
[2023-07-10 01:29:59Z WARN GitHubActionsService] GET request to https://pipelines.actions.githubusercontent.com/KKJQSLy9D6hjh8pBSxRoNdoGKPa5fXyIl1k5hFmVe689ZTv9nx/_apis/distributedtask/pools/1/messages?sessionId=684979c7-1cbb-4d5b-8fcf-96a2fb119319&status=Online&runnerVersion=2.305.0 has been cancelled.
[2023-07-10 01:29:59Z INFO MessageListener] Get next message has been cancelled.
[2023-07-10 01:29:59Z INFO JobDispatcher] Shutting down JobDispatcher. Make sure all WorkerDispatcher has finished.
[2023-07-10 01:30:00Z INFO Listener] Runner execution been cancelled.
